<?xml version="1.0" encoding="UTF-8"?>
<testsuite xmlns:xsi="http://www.w3.org/2001/XMLSchema-instance" xsi:noNamespaceSchemaLocation="https://maven.apache.org/surefire/maven-surefire-plugin/xsd/surefire-test-report.xsd" name="es.grise.upm.profundizacion.mocking.exercise2.EngineControllerTest" time="0.992" tests="5" errors="0" skipped="0" failures="0">
  <properties>
[...]
</properties>
  <testcase name="test_getInstantaneousSpeed" classname="es.grise.upm.profundizacion.mocking.exercise2.EngineControllerTest" time="0.048"/>
  <testcase name="test_adjustGear_recordGear" classname="es.grise.upm.profundizacion.mocking.exercise2.EngineControllerTest" time="0.019"/>
  <testcase name="test_recordGear" classname="es.grise.upm.profundizacion.mocking.exercise2.EngineControllerTest" time="0.002"/>
  <testcase name="test_adjustGear_setGear" classname="es.grise.upm.profundizacion.mocking.exercise2.EngineControllerTest" time="0.003"/>
  <testcase name="test_adjustGear_getInstantaneousSpeed" classname="es.grise.upm.profundizacion.mocking.exercise2.EngineControllerTest" time="0.001"/>
</testsuite>