<?xml version="1.0" encoding="UTF-8"?>
<testsuite xmlns:xsi="http://www.w3.org/2001/XMLSchema-instance" xsi:noNamespaceSchemaLocation="https://maven.apache.org/surefire/maven-surefire-plugin/xsd/surefire-test-report.xsd" name="es.grise.upm.profundizacion.mocking.exercise2.EngineControllerTest" time="2.478" tests="5" errors="3" skipped="0" failures="0">
  <properties>
[...]
</properties>
  <testcase name="testAdjustGearInvokesGetInstantaneousSpeedThreeTimes" classname="es.grise.upm.profundizacion.mocking.exercise2.EngineControllerTest" time="2.341">
    <error type="java.lang.NullPointerException">java.lang.NullPointerException
	at es.grise.upm.profundizacion.mocking.exercise2.EngineControllerTest.testAdjustGearInvokesGetInstantaneousSpeedThreeTimes(EngineControllerTest.java:56)
</error>
  </testcase>
  <testcase name="testRecordGearLogsCorrectMessage" classname="es.grise.upm.profundizacion.mocking.exercise2.EngineControllerTest" time="0.054"/>
  <testcase name="testGetInstantaneousSpeedCalculatesCorrectly" classname="es.grise.upm.profundizacion.mocking.exercise2.EngineControllerTest" time="0.009"/>
  <testcase name="testAdjustGearLogsNewGear" classname="es.grise.upm.profundizacion.mocking.exercise2.EngineControllerTest" time="0.004">
    <error type="java.lang.NullPointerException">java.lang.NullPointerException
	at es.grise.upm.profundizacion.mocking.exercise2.EngineControllerTest.testAdjustGearLogsNewGear(EngineControllerTest.java:65)
</error>
  </testcase>
  <testcase name="testAdjustGearSetsCorrectGear" classname="es.grise.upm.profundizacion.mocking.exercise2.EngineControllerTest" time="0.002">
    <error type="java.lang.NullPointerException">java.lang.NullPointerException
	at es.grise.upm.profundizacion.mocking.exercise2.EngineControllerTest.testAdjustGearSetsCorrectGear(EngineControllerTest.java:74)
</error>
  </testcase>
</testsuite>